Dec 09, 2024 12:19:50 AM Simulation main
INFO: 
Ticketing Simulation started.!
Dec 09, 2024 12:19:50 AM Customer run
INFO: Customer John bought 3 Tickets from the pool
Dec 09, 2024 12:19:50 AM Vendor run
INFO: Vendor Charles added 4 Tickets to the pool
Dec 09, 2024 12:19:50 AM Customer run
INFO: Customer Arthur bought 2 Tickets from the pool
Dec 09, 2024 12:19:50 AM Vendor run
INFO: Vendor Patrick added 1 Tickets to the pool
Dec 09, 2024 12:19:50 AM Vendor run
INFO: Vendor Patrick added 4 Tickets to the pool
Dec 09, 2024 12:19:50 AM Customer run
INFO: Customer John bought 2 Tickets from the pool
Dec 09, 2024 12:19:50 AM Customer run
INFO: Customer Arthur bought 1 Tickets from the pool
Dec 09, 2024 12:19:51 AM Customer run
INFO: Customer Arthur bought 2 Tickets from the pool
Dec 09, 2024 12:19:51 AM Customer run
INFO: Customer John bought 1 Tickets from the pool
Dec 09, 2024 12:19:51 AM Vendor run
INFO: Vendor Patrick added 1 Tickets to the pool
Dec 09, 2024 12:19:51 AM Customer run
INFO: Customer John bought 1 Tickets from the pool
Dec 09, 2024 12:19:51 AM Vendor run
INFO: Vendor Charles added 2 Tickets to the pool
Dec 09, 2024 12:19:51 AM Vendor run
INFO: Vendor Patrick added 1 Tickets to the pool
Dec 09, 2024 12:19:51 AM Vendor run
INFO: Vendor Patrick added 1 Tickets to the pool
Dec 09, 2024 12:19:52 AM Customer run
INFO: Customer Arthur bought 2 Tickets from the pool
Dec 09, 2024 12:19:52 AM Vendor run
INFO: Vendor Charles added 5 Tickets to the pool
Dec 09, 2024 12:19:52 AM Customer run
INFO: Customer Arthur bought 2 Tickets from the pool
Dec 09, 2024 12:19:52 AM Vendor run
INFO: Vendor Patrick added 3 Tickets to the pool
Dec 09, 2024 12:19:53 AM Vendor run
INFO: Vendor Charles added 3 Tickets to the pool
Dec 09, 2024 12:19:53 AM Customer run
INFO: Customer Arthur bought 2 Tickets from the pool
Dec 09, 2024 12:19:53 AM Simulation main
INFO: Ticketing Simulation ended.!
Dec 09, 2024 12:20:20 AM Simulation main
INFO: 
Ticketing Simulation started.!
Dec 09, 2024 12:20:20 AM Customer run
INFO: Customer Arthur bought 2 Tickets from the pool
Dec 09, 2024 12:20:20 AM Vendor run
INFO: Vendor Patrick added 4 Tickets to the pool
Dec 09, 2024 12:20:20 AM Vendor run
INFO: Vendor Charles added 4 Tickets to the pool
Dec 09, 2024 12:20:20 AM Customer run
INFO: Customer John bought 3 Tickets from the pool
Dec 09, 2024 12:20:21 AM Vendor run
INFO: Vendor Patrick added 3 Tickets to the pool
Dec 09, 2024 12:20:21 AM Customer run
INFO: Customer Arthur bought 1 Tickets from the pool
Dec 09, 2024 12:20:21 AM Customer run
INFO: Customer John bought 1 Tickets from the pool
Dec 09, 2024 12:20:22 AM Customer run
INFO: Customer Arthur bought 1 Tickets from the pool
Dec 09, 2024 12:20:22 AM Customer run
INFO: Customer Arthur bought 3 Tickets from the pool
Dec 09, 2024 12:20:22 AM Customer run
INFO: Customer John bought 2 Tickets from the pool
Dec 09, 2024 12:20:22 AM Customer run
INFO: Customer John bought 2 Tickets from the pool
Dec 09, 2024 12:20:22 AM Customer run
INFO: Customer Arthur bought 2 Tickets from the pool
Dec 09, 2024 12:20:22 AM Customer run
INFO: Customer John bought 3 Tickets from the pool
Dec 09, 2024 12:20:22 AM Customer run
INFO: Customer John bought 2 Tickets from the pool
Dec 09, 2024 12:20:23 AM Customer run
INFO: Customer Arthur bought 2 Tickets from the pool
Dec 09, 2024 12:20:23 AM Customer run
INFO: Customer Arthur bought 1 Tickets from the pool
Dec 09, 2024 12:20:24 AM Customer run
INFO: Customer Arthur bought 1 Tickets from the pool
Dec 09, 2024 12:20:25 AM Simulation main
INFO: Ticketing Simulation ended.!
Dec 09, 2024 12:20:36 AM Simulation main
INFO: 
Ticketing Simulation started.!
Dec 09, 2024 12:20:36 AM Customer run
INFO: Customer Arthur bought 3 Tickets from the pool
Dec 09, 2024 12:20:36 AM Vendor run
INFO: Vendor Patrick added 1 Tickets to the pool
Dec 09, 2024 12:20:36 AM Vendor run
INFO: Vendor Charles added 4 Tickets to the pool
Dec 09, 2024 12:20:36 AM Customer run
INFO: Customer John bought 3 Tickets from the pool
Dec 09, 2024 12:20:36 AM Customer run
INFO: Customer John bought 1 Tickets from the pool
Dec 09, 2024 12:20:37 AM Customer run
INFO: Customer John bought 3 Tickets from the pool
Dec 09, 2024 12:20:37 AM Customer run
INFO: Customer Arthur bought 3 Tickets from the pool
Dec 09, 2024 12:20:37 AM Vendor run
INFO: Vendor Charles added 4 Tickets to the pool
Dec 09, 2024 12:20:37 AM Customer run
INFO: Customer John bought 3 Tickets from the pool
Dec 09, 2024 12:20:37 AM Customer run
INFO: Customer Arthur bought 3 Tickets from the pool
Dec 09, 2024 12:20:37 AM Vendor run
INFO: Vendor Patrick added 1 Tickets to the pool
Dec 09, 2024 12:20:38 AM Customer run
INFO: Customer John bought 1 Tickets from the pool
Dec 09, 2024 12:20:38 AM Vendor run
INFO: Vendor Patrick added 5 Tickets to the pool
Dec 09, 2024 12:20:38 AM Vendor run
INFO: Vendor Charles added 3 Tickets to the pool
Dec 09, 2024 12:20:38 AM Vendor run
INFO: Vendor Charles added 1 Tickets to the pool
Dec 09, 2024 12:20:38 AM Customer run
INFO: Customer John bought 2 Tickets from the pool
Dec 09, 2024 12:20:38 AM Customer run
INFO: Customer Arthur bought 3 Tickets from the pool
Dec 09, 2024 12:20:38 AM Vendor run
INFO: Vendor Charles added 4 Tickets to the pool
Dec 09, 2024 12:20:39 AM Vendor run
INFO: Vendor Patrick added 4 Tickets to the pool
Dec 09, 2024 12:20:39 AM Customer run
INFO: Customer Arthur bought 3 Tickets from the pool
Dec 09, 2024 12:20:39 AM Customer run
INFO: Customer Arthur bought 1 Tickets from the pool
Dec 09, 2024 12:20:39 AM Vendor run
INFO: Vendor Patrick added 5 Tickets to the pool
Dec 09, 2024 12:20:39 AM Customer run
INFO: Customer Arthur bought 1 Tickets from the pool
Dec 09, 2024 12:20:40 AM Customer run
INFO: Customer Arthur bought 3 Tickets from the pool
Dec 09, 2024 12:20:41 AM Simulation main
INFO: Ticketing Simulation ended.!
Dec 09, 2024 12:25:07 AM Simulation main
INFO: 
Ticketing Simulation started.!
Dec 09, 2024 12:25:07 AM Customer run
INFO: Customer John bought 2 Tickets from the pool
Dec 09, 2024 12:25:07 AM Vendor run
INFO: Vendor Charles added 2 Tickets to the pool
Dec 09, 2024 12:25:07 AM Vendor run
INFO: Vendor David added 4 Tickets to the pool
Dec 09, 2024 12:25:07 AM Customer run
INFO: Customer Arthur bought 3 Tickets from the pool
Dec 09, 2024 12:25:07 AM Customer run
INFO: Customer Peter bought 1 Tickets from the pool
Dec 09, 2024 12:25:07 AM Vendor run
INFO: Vendor Patrick added 3 Tickets to the pool
Dec 09, 2024 12:25:08 AM Vendor run
INFO: Vendor David added 1 Tickets to the pool
Dec 09, 2024 12:25:08 AM Customer run
INFO: Customer Arthur bought 1 Tickets from the pool
Dec 09, 2024 12:25:08 AM Vendor run
INFO: Vendor David added 1 Tickets to the pool
Dec 09, 2024 12:25:08 AM Vendor run
INFO: Vendor Charles added 2 Tickets to the pool
Dec 09, 2024 12:25:08 AM Vendor run
INFO: Vendor Patrick added 2 Tickets to the pool
Dec 09, 2024 12:25:08 AM Customer run
INFO: Customer Peter bought 1 Tickets from the pool
Dec 09, 2024 12:25:08 AM Vendor run
INFO: Vendor Charles added 1 Tickets to the pool
Dec 09, 2024 12:25:08 AM Customer run
INFO: Customer Arthur bought 2 Tickets from the pool
Dec 09, 2024 12:25:09 AM Vendor run
INFO: Vendor David added 5 Tickets to the pool
Dec 09, 2024 12:25:09 AM Customer run
INFO: Customer Arthur bought 1 Tickets from the pool
Dec 09, 2024 12:25:09 AM Customer run
INFO: Customer Peter bought 3 Tickets from the pool
Dec 09, 2024 12:25:09 AM Vendor run
INFO: Vendor Patrick added 3 Tickets to the pool
Dec 09, 2024 12:25:09 AM Customer run
INFO: Customer Arthur bought 2 Tickets from the pool
Dec 09, 2024 12:25:09 AM Vendor run
INFO: Vendor Charles added 4 Tickets to the pool
Dec 09, 2024 12:25:09 AM Customer run
INFO: Customer Peter bought 3 Tickets from the pool
Dec 09, 2024 12:25:09 AM Vendor run
INFO: Vendor Patrick added 1 Tickets to the pool
Dec 09, 2024 12:25:09 AM Vendor run
INFO: Vendor David added 2 Tickets to the pool
Dec 09, 2024 12:25:10 AM Customer run
INFO: Customer Arthur bought 1 Tickets from the pool
Dec 09, 2024 12:25:10 AM Vendor run
INFO: Vendor Charles added 5 Tickets to the pool
Dec 09, 2024 12:25:10 AM Customer run
INFO: Customer Peter bought 3 Tickets from the pool
Dec 09, 2024 12:25:10 AM Vendor run
INFO: Vendor Charles added 4 Tickets to the pool
Dec 09, 2024 12:25:10 AM Vendor run
INFO: Vendor David added 3 Tickets to the pool
Dec 09, 2024 12:25:10 AM Vendor run
INFO: Vendor Charles added 4 Tickets to the pool
Dec 09, 2024 12:25:10 AM Vendor run
INFO: Vendor Charles added 3 Tickets to the pool
Dec 09, 2024 12:25:11 AM Vendor run
INFO: Vendor Charles added 4 Tickets to the pool
Dec 09, 2024 12:25:11 AM Simulation main
INFO: Ticketing Simulation ended.!
Dec 09, 2024 12:29:17 AM Simulation main
INFO: 
Ticketing Simulation started.!
Dec 09, 2024 12:29:17 AM Customer run
INFO: Customer John bought 3 Tickets from the pool
Dec 09, 2024 12:29:17 AM Vendor run
INFO: Vendor David added 3 Tickets to the pool
Dec 09, 2024 12:29:17 AM Vendor run
INFO: Vendor Charles added 5 Tickets to the pool
Dec 09, 2024 12:29:17 AM Vendor run
INFO: Vendor Patrick added 1 Tickets to the pool
Dec 09, 2024 12:29:17 AM Customer run
INFO: Customer Peter bought 2 Tickets from the pool
Dec 09, 2024 12:29:17 AM Customer run
INFO: Customer Arthur bought 2 Tickets from the pool
Dec 09, 2024 12:29:17 AM Customer run
INFO: Customer John bought 3 Tickets from the pool
Dec 09, 2024 12:29:17 AM Customer run
INFO: Customer Arthur bought 3 Tickets from the pool
Dec 09, 2024 12:29:17 AM Vendor run
INFO: Vendor David added 5 Tickets to the pool
Dec 09, 2024 12:29:18 AM Customer run
INFO: Customer Peter bought 3 Tickets from the pool
Dec 09, 2024 12:29:18 AM Vendor run
INFO: Vendor Patrick added 2 Tickets to the pool
Dec 09, 2024 12:29:18 AM Customer run
INFO: Customer John bought 2 Tickets from the pool
Dec 09, 2024 12:29:18 AM Vendor run
INFO: Vendor Patrick added 5 Tickets to the pool
Dec 09, 2024 12:29:18 AM Customer run
INFO: Customer Peter bought 2 Tickets from the pool
Dec 09, 2024 12:29:18 AM Customer run
INFO: Customer Peter bought 1 Tickets from the pool
Dec 09, 2024 12:29:19 AM Vendor run
INFO: Vendor Patrick added 1 Tickets to the pool
Dec 09, 2024 12:29:19 AM Customer run
INFO: Customer John bought 1 Tickets from the pool
Dec 09, 2024 12:29:19 AM Vendor run
INFO: Vendor Patrick added 3 Tickets to the pool
Dec 09, 2024 12:29:20 AM Customer run
INFO: Customer John bought 1 Tickets from the pool
Dec 09, 2024 12:29:20 AM Vendor run
INFO: Vendor Patrick added 3 Tickets to the pool
Dec 09, 2024 12:29:21 AM Customer run
INFO: Customer John bought 3 Tickets from the pool
Dec 09, 2024 12:29:21 AM Vendor run
INFO: Vendor Patrick added 3 Tickets to the pool
Dec 09, 2024 12:29:21 AM Vendor run
INFO: Vendor Patrick added 3 Tickets to the pool
Dec 09, 2024 12:29:21 AM Customer run
INFO: Customer John bought 2 Tickets from the pool
Dec 09, 2024 12:29:21 AM Simulation main
INFO: Ticketing Simulation ended.!
Dec 09, 2024 5:04:00 AM Simulation main
INFO: 
Ticketing Simulation started.!
Dec 09, 2024 5:04:01 AM Customer run
INFO: Customer John bought 3 Tickets from the pool
Dec 09, 2024 5:04:01 AM Vendor run
INFO: Vendor David added 4 Tickets to the pool
Dec 09, 2024 5:04:01 AM Customer run
INFO: Customer Arthur bought 3 Tickets from the pool
Dec 09, 2024 5:04:01 AM Customer run
INFO: Customer Arthur bought 3 Tickets from the pool
Dec 09, 2024 5:04:01 AM Customer run
INFO: Customer Peter bought 3 Tickets from the pool
Dec 09, 2024 5:04:01 AM Vendor run
INFO: Vendor Patrick added 3 Tickets to the pool
Dec 09, 2024 5:04:01 AM Vendor run
INFO: Vendor Charles added 3 Tickets to the pool
Dec 09, 2024 5:04:01 AM Customer run
INFO: Customer Peter bought 1 Tickets from the pool
Dec 09, 2024 5:04:01 AM Customer run
INFO: Customer John bought 2 Tickets from the pool
Dec 09, 2024 5:04:01 AM Vendor run
INFO: Vendor Charles added 3 Tickets to the pool
Dec 09, 2024 5:04:01 AM Vendor run
INFO: Vendor David added 4 Tickets to the pool
Dec 09, 2024 5:04:01 AM Vendor run
INFO: Vendor David added 3 Tickets to the pool
Dec 09, 2024 5:04:01 AM Customer run
INFO: Customer Arthur bought 3 Tickets from the pool
Dec 09, 2024 5:04:01 AM Customer run
INFO: Customer Arthur bought 3 Tickets from the pool
Dec 09, 2024 5:04:01 AM Vendor run
INFO: Vendor Patrick added 1 Tickets to the pool
Dec 09, 2024 5:04:02 AM Customer run
INFO: Customer John bought 1 Tickets from the pool
Dec 09, 2024 5:04:02 AM Customer run
INFO: Customer Peter bought 1 Tickets from the pool
Dec 09, 2024 5:04:02 AM Vendor run
INFO: Vendor Charles added 1 Tickets to the pool
Dec 09, 2024 5:04:02 AM Vendor run
INFO: Vendor Charles added 4 Tickets to the pool
Dec 09, 2024 5:04:02 AM Customer run
INFO: Customer Peter bought 3 Tickets from the pool
Dec 09, 2024 5:04:02 AM Vendor run
INFO: Vendor Charles added 2 Tickets to the pool
Dec 09, 2024 5:04:02 AM Vendor run
INFO: Vendor Patrick added 3 Tickets to the pool
Dec 09, 2024 5:04:02 AM Vendor run
INFO: Vendor David added 1 Tickets to the pool
Dec 09, 2024 5:04:02 AM Customer run
INFO: Customer John bought 3 Tickets from the pool
Dec 09, 2024 5:04:03 AM Vendor run
INFO: Vendor Charles added 1 Tickets to the pool
Dec 09, 2024 5:04:03 AM Vendor run
INFO: Vendor Patrick added 2 Tickets to the pool
Dec 09, 2024 5:04:03 AM Vendor run
INFO: Vendor David added 5 Tickets to the pool
Dec 09, 2024 5:04:03 AM Customer run
INFO: Customer John bought 2 Tickets from the pool
Dec 09, 2024 5:04:03 AM Vendor run
INFO: Vendor Patrick added 5 Tickets to the pool
Dec 09, 2024 5:04:03 AM Vendor run
INFO: Vendor Patrick added 4 Tickets to the pool
Dec 09, 2024 5:04:04 AM Vendor run
INFO: Vendor David added 1 Tickets to the pool
Dec 09, 2024 5:04:04 AM Vendor run
INFO: Vendor Charles added 2 Tickets to the pool
Dec 09, 2024 5:04:04 AM Vendor run
INFO: Vendor Charles added 4 Tickets to the pool
Dec 09, 2024 5:04:04 AM Vendor run
INFO: Vendor Patrick added 2 Tickets to the pool
Dec 09, 2024 5:04:04 AM Vendor run
INFO: Vendor Patrick added 4 Tickets to the pool
Dec 09, 2024 5:04:04 AM Vendor run
INFO: Vendor David added 1 Tickets to the pool
Dec 09, 2024 5:04:05 AM Simulation main
INFO: Ticketing Simulation ended.!
Dec 09, 2024 5:04:54 AM Simulation main
INFO: 
Ticketing Simulation started.!
Dec 09, 2024 5:04:54 AM Vendor run
INFO: Vendor Patrick added 4 Tickets to the pool
Dec 09, 2024 5:04:54 AM Vendor run
INFO: Vendor David added 1 Tickets to the pool
Dec 09, 2024 5:04:54 AM Vendor run
INFO: Vendor Charles added 2 Tickets to the pool
Dec 09, 2024 5:04:54 AM Customer run
INFO: Customer John bought 2 Tickets from the pool
Dec 09, 2024 5:04:54 AM Customer run
INFO: Customer Arthur bought 2 Tickets from the pool
Dec 09, 2024 5:04:54 AM Customer run
INFO: Customer Peter bought 2 Tickets from the pool
Dec 09, 2024 5:04:54 AM Customer run
INFO: Customer Arthur bought 1 Tickets from the pool
Dec 09, 2024 5:04:54 AM Customer run
INFO: Customer Peter bought 3 Tickets from the pool
Dec 09, 2024 5:04:54 AM Customer run
INFO: Customer Arthur bought 1 Tickets from the pool
Dec 09, 2024 5:04:55 AM Customer run
INFO: Customer John bought 3 Tickets from the pool
Dec 09, 2024 5:04:55 AM Vendor run
INFO: Vendor Charles added 1 Tickets to the pool
Dec 09, 2024 5:04:55 AM Customer run
INFO: Customer Peter bought 2 Tickets from the pool
Dec 09, 2024 5:04:55 AM Customer run
INFO: Customer Arthur bought 2 Tickets from the pool
Dec 09, 2024 5:04:55 AM Customer run
INFO: Customer Arthur bought 3 Tickets from the pool
Dec 09, 2024 5:04:55 AM Customer run
INFO: Customer Peter bought 2 Tickets from the pool
Dec 09, 2024 5:04:55 AM Customer run
INFO: Customer Peter bought 3 Tickets from the pool
Dec 09, 2024 5:04:56 AM Vendor run
INFO: Vendor Charles added 1 Tickets to the pool
Dec 09, 2024 5:04:56 AM Customer run
INFO: Customer John bought 2 Tickets from the pool
Dec 09, 2024 5:04:56 AM Vendor run
INFO: Vendor Charles added 2 Tickets to the pool
Dec 09, 2024 5:04:56 AM Customer run
INFO: Customer Peter bought 2 Tickets from the pool
Dec 09, 2024 5:04:56 AM Vendor run
INFO: Vendor Charles added 5 Tickets to the pool
Dec 09, 2024 5:04:56 AM Customer run
INFO: Customer Peter bought 2 Tickets from the pool
Dec 09, 2024 5:04:57 AM Customer run
INFO: Customer John bought 2 Tickets from the pool
Dec 09, 2024 5:04:57 AM Customer run
INFO: Customer John bought 3 Tickets from the pool
Dec 09, 2024 5:04:57 AM Customer run
INFO: Customer Peter bought 2 Tickets from the pool
Dec 09, 2024 5:04:58 AM Customer run
INFO: Customer Peter bought 3 Tickets from the pool
Dec 09, 2024 5:04:58 AM Customer run
INFO: Customer Peter bought 2 Tickets from the pool
Dec 09, 2024 5:04:58 AM Simulation main
INFO: Ticketing Simulation ended.!
Dec 09, 2024 5:08:28 AM Simulation main
INFO: 
Ticketing Simulation started.!
Dec 09, 2024 5:08:28 AM Vendor run
INFO: Vendor Patrick added 5 Tickets to the pool
Dec 09, 2024 5:08:28 AM Customer run
INFO: Customer Arthur bought 2 Tickets from the pool
Dec 09, 2024 5:08:28 AM Customer run
INFO: Customer John bought 2 Tickets from the pool
Dec 09, 2024 5:08:28 AM Customer run
INFO: Customer Peter bought 3 Tickets from the pool
Dec 09, 2024 5:08:28 AM Vendor run
INFO: Vendor David added 4 Tickets to the pool
Dec 09, 2024 5:08:28 AM Vendor run
INFO: Vendor Charles added 4 Tickets to the pool
Dec 09, 2024 5:08:28 AM Customer run
INFO: Customer Arthur bought 1 Tickets from the pool
Dec 09, 2024 5:08:28 AM Vendor run
INFO: Vendor Patrick added 1 Tickets to the pool
Dec 09, 2024 5:08:29 AM Customer run
INFO: Customer Peter bought 1 Tickets from the pool
Dec 09, 2024 5:08:29 AM Customer run
INFO: Customer Peter bought 2 Tickets from the pool
Dec 09, 2024 5:08:29 AM Customer run
INFO: Customer Arthur bought 3 Tickets from the pool
Dec 09, 2024 5:08:29 AM Vendor run
INFO: Vendor David added 5 Tickets to the pool
Dec 09, 2024 5:08:29 AM Vendor run
INFO: Vendor Charles added 1 Tickets to the pool
Dec 09, 2024 5:08:29 AM Customer run
INFO: Customer John bought 1 Tickets from the pool
Dec 09, 2024 5:08:29 AM Customer run
INFO: Customer Peter bought 3 Tickets from the pool
Dec 09, 2024 5:08:29 AM Customer run
INFO: Customer Peter bought 2 Tickets from the pool
Dec 09, 2024 5:08:29 AM Vendor run
INFO: Vendor Patrick added 5 Tickets to the pool
Dec 09, 2024 5:08:30 AM Customer run
INFO: Customer Arthur bought 1 Tickets from the pool
Dec 09, 2024 5:08:30 AM Customer run
INFO: Customer John bought 1 Tickets from the pool
Dec 09, 2024 5:08:30 AM Vendor run
INFO: Vendor Patrick added 4 Tickets to the pool
Dec 09, 2024 5:08:30 AM Customer run
INFO: Customer Peter bought 2 Tickets from the pool
Dec 09, 2024 5:08:30 AM Vendor run
INFO: Vendor Charles added 3 Tickets to the pool
Dec 09, 2024 5:08:30 AM Vendor run
INFO: Vendor Patrick added 3 Tickets to the pool
Dec 09, 2024 5:08:31 AM Customer run
INFO: Customer Peter bought 3 Tickets from the pool
Dec 09, 2024 5:08:31 AM Vendor run
INFO: Vendor Charles added 2 Tickets to the pool
Dec 09, 2024 5:08:31 AM Vendor run
INFO: Vendor Patrick added 1 Tickets to the pool
Dec 09, 2024 5:08:31 AM Vendor run
INFO: Vendor Patrick added 3 Tickets to the pool
Dec 09, 2024 5:08:31 AM Vendor run
INFO: Vendor Patrick added 4 Tickets to the pool
Dec 09, 2024 5:08:31 AM Customer run
INFO: Customer Peter bought 3 Tickets from the pool
Dec 09, 2024 5:08:32 AM Vendor run
INFO: Vendor Charles added 5 Tickets to the pool
Dec 09, 2024 5:08:32 AM Customer run
INFO: Customer Peter bought 3 Tickets from the pool
Dec 09, 2024 5:08:32 AM Vendor run
INFO: Vendor Patrick added 4 Tickets to the pool
Dec 09, 2024 5:08:33 AM Vendor run
INFO: Vendor Patrick added 3 Tickets to the pool
Dec 09, 2024 5:08:33 AM Simulation main
INFO: Ticketing Simulation ended.!
Dec 09, 2024 11:40:07 AM Simulation main
INFO: 
Ticketing Simulation started.!
Dec 09, 2024 11:40:07 AM Customer run
INFO: Customer John bought 3 Tickets from the pool
Dec 09, 2024 11:40:07 AM Customer run
INFO: Customer Arthur bought 2 Tickets from the pool
Dec 09, 2024 11:40:07 AM Customer run
INFO: Customer Peter bought 1 Tickets from the pool
Dec 09, 2024 11:40:07 AM Vendor run
INFO: Vendor David added 2 Tickets to the pool
Dec 09, 2024 11:40:07 AM Vendor run
INFO: Vendor Charles added 2 Tickets to the pool
Dec 09, 2024 11:40:07 AM Vendor run
INFO: Vendor Patrick added 5 Tickets to the pool
Dec 09, 2024 11:40:07 AM Customer run
INFO: Customer Peter bought 3 Tickets from the pool
Dec 09, 2024 11:40:07 AM Vendor run
INFO: Vendor Patrick added 1 Tickets to the pool
Dec 09, 2024 11:40:08 AM Customer run
INFO: Customer Arthur bought 2 Tickets from the pool
Dec 09, 2024 11:40:08 AM Customer run
INFO: Customer John bought 1 Tickets from the pool
Dec 09, 2024 11:40:08 AM Vendor run
INFO: Vendor David added 1 Tickets to the pool
Dec 09, 2024 11:40:08 AM Vendor run
INFO: Vendor Charles added 5 Tickets to the pool
Dec 09, 2024 11:40:08 AM Vendor run
INFO: Vendor Patrick added 5 Tickets to the pool
Dec 09, 2024 11:40:08 AM Customer run
INFO: Customer Arthur bought 2 Tickets from the pool
Dec 09, 2024 11:40:08 AM Vendor run
INFO: Vendor Patrick added 4 Tickets to the pool
Dec 09, 2024 11:40:08 AM Customer run
INFO: Customer John bought 3 Tickets from the pool
Dec 09, 2024 11:40:08 AM Vendor run
INFO: Vendor David added 5 Tickets to the pool
Dec 09, 2024 11:40:09 AM Vendor run
INFO: Vendor Charles added 3 Tickets to the pool
Dec 09, 2024 11:40:09 AM Customer run
INFO: Customer Arthur bought 1 Tickets from the pool
Dec 09, 2024 11:40:09 AM Customer run
INFO: Customer John bought 2 Tickets from the pool
Dec 09, 2024 11:40:09 AM Vendor run
INFO: Vendor Patrick added 1 Tickets to the pool
Dec 09, 2024 11:40:09 AM Customer run
INFO: Customer John bought 1 Tickets from the pool
Dec 09, 2024 11:40:09 AM Customer run
INFO: Customer John bought 3 Tickets from the pool
Dec 09, 2024 11:40:10 AM Customer run
INFO: Customer John bought 2 Tickets from the pool
Dec 09, 2024 11:40:10 AM Vendor run
INFO: Vendor Charles added 3 Tickets to the pool
Dec 09, 2024 11:40:10 AM Customer run
INFO: Customer John bought 3 Tickets from the pool
Dec 09, 2024 11:40:10 AM Customer run
INFO: Customer Arthur bought 1 Tickets from the pool
Dec 09, 2024 11:40:10 AM Vendor run
INFO: Vendor Patrick added 1 Tickets to the pool
Dec 09, 2024 11:40:10 AM Customer run
INFO: Customer Arthur bought 2 Tickets from the pool
Dec 09, 2024 11:40:10 AM Vendor run
INFO: Vendor Charles added 3 Tickets to the pool
Dec 09, 2024 11:40:10 AM Vendor run
INFO: Vendor Charles added 3 Tickets to the pool
Dec 09, 2024 11:40:10 AM Customer run
INFO: Customer Arthur bought 2 Tickets from the pool
Dec 09, 2024 11:40:10 AM Vendor run
INFO: Vendor Charles added 3 Tickets to the pool
Dec 09, 2024 11:40:11 AM Vendor run
INFO: Vendor Charles added 2 Tickets to the pool
Dec 09, 2024 11:40:11 AM Customer run
INFO: Customer Arthur bought 2 Tickets from the pool
Dec 09, 2024 11:40:11 AM Vendor run
INFO: Vendor Charles added 3 Tickets to the pool
Dec 09, 2024 11:40:11 AM Vendor run
INFO: Vendor Charles added 2 Tickets to the pool
Dec 09, 2024 11:40:12 AM Simulation main
INFO: Ticketing Simulation ended.!
Dec 10, 2024 1:22:45 PM Simulation main
INFO: 
Ticketing Simulation started.!
Dec 10, 2024 1:22:45 PM Customer run
INFO: Customer John bought 3 Tickets from the pool
Dec 10, 2024 1:22:45 PM Vendor run
INFO: Vendor David added 3 Tickets to the pool
Dec 10, 2024 1:22:45 PM Vendor run
INFO: Vendor Charles added 1 Tickets to the pool
Dec 10, 2024 1:22:45 PM Vendor run
INFO: Vendor Patrick added 5 Tickets to the pool
Dec 10, 2024 1:22:45 PM Customer run
INFO: Customer Arthur bought 2 Tickets from the pool
Dec 10, 2024 1:22:45 PM Customer run
INFO: Customer Peter bought 1 Tickets from the pool
Dec 10, 2024 1:22:45 PM Vendor run
INFO: Vendor David added 4 Tickets to the pool
Dec 10, 2024 1:22:46 PM Customer run
INFO: Customer John bought 2 Tickets from the pool
Dec 10, 2024 1:22:46 PM Vendor run
INFO: Vendor David added 4 Tickets to the pool
Dec 10, 2024 1:22:46 PM Customer run
INFO: Customer John bought 2 Tickets from the pool
Dec 10, 2024 1:22:46 PM Customer run
INFO: Customer John bought 1 Tickets from the pool
Dec 10, 2024 1:22:46 PM Customer run
INFO: Customer John bought 2 Tickets from the pool
Dec 10, 2024 1:22:46 PM Customer run
INFO: Customer Peter bought 3 Tickets from the pool
Dec 10, 2024 1:22:46 PM Vendor run
INFO: Vendor David added 5 Tickets to the pool
Dec 10, 2024 1:22:46 PM Customer run
INFO: Customer Peter bought 2 Tickets from the pool
Dec 10, 2024 1:22:46 PM Vendor run
INFO: Vendor David added 5 Tickets to the pool
Dec 10, 2024 1:22:47 PM Customer run
INFO: Customer John bought 3 Tickets from the pool
Dec 10, 2024 1:22:47 PM Customer run
INFO: Customer Peter bought 3 Tickets from the pool
Dec 10, 2024 1:22:47 PM Vendor run
INFO: Vendor David added 2 Tickets to the pool
Dec 10, 2024 1:22:48 PM Vendor run
INFO: Vendor David added 1 Tickets to the pool
Dec 10, 2024 1:22:48 PM Customer run
INFO: Customer John bought 1 Tickets from the pool
Dec 10, 2024 1:22:48 PM Customer run
INFO: Customer Peter bought 3 Tickets from the pool
Dec 10, 2024 1:22:48 PM Customer run
INFO: Customer Peter bought 3 Tickets from the pool
Dec 10, 2024 1:22:48 PM Vendor run
INFO: Vendor David added 1 Tickets to the pool
Dec 10, 2024 1:22:48 PM Customer run
INFO: Customer John bought 1 Tickets from the pool
Dec 10, 2024 1:22:49 PM Customer run
INFO: Customer Peter bought 2 Tickets from the pool
Dec 10, 2024 1:22:49 PM Customer run
INFO: Customer John bought 3 Tickets from the pool
Dec 10, 2024 1:22:49 PM Customer run
INFO: Customer Peter bought 2 Tickets from the pool
Dec 10, 2024 1:22:50 PM Simulation main
INFO: Ticketing Simulation ended.!
